<?xml version="1.0" encoding="UTF-8"?>
<testsuite xmlns:xsi="http://www.w3.org/2001/XMLSchema-instance" xsi:noNamespaceSchemaLocation="https://maven.apache.org/surefire/maven-surefire-plugin/xsd/surefire-test-report-3.0.xsd" version="3.0" name="de.fallenstar.core.provider.impl.NoOpItemProviderTest" time="0.066" tests="8" errors="0" skipped="0" failures="0">
  <properties>
[...]
</properties>
  <testcase name="testIsAvailable_ReturnsFalse" classname="de.fallenstar.core.provider.impl.NoOpItemProviderTest" time="0.059"/>
  <testcase name="testGetItemCategory_ThrowsException" classname="de.fallenstar.core.provider.impl.NoOpItemProviderTest" time="0.001"/>
  <testcase name="testGetItemId_ThrowsException" classname="de.fallenstar.core.provider.impl.NoOpItemProviderTest" time="0.001"/>
  <testcase name="testCreateItem_ThrowsException" classname="de.fallenstar.core.provider.impl.NoOpItemProviderTest" time="0.001"/>
  <testcase name="testGetCategories_ThrowsException" classname="de.fallenstar.core.provider.impl.NoOpItemProviderTest" time="0.001"/>
  <testcase name="testGetItemsByCategory_ThrowsException" classname="de.fallenstar.core.provider.impl.NoOpItemProviderTest" time="0.0"/>
  <testcase name="testIsCustomItem_ThrowsException" classname="de.fallenstar.core.provider.impl.NoOpItemProviderTest" time="0.0"/>
  <testcase name="testGetSuggestedPrice_ThrowsException" classname="de.fallenstar.core.provider.impl.NoOpItemProviderTest" time="0.001"/>
</testsuite>